  [4;36;1mSQL (16.0ms)[0m   [0;1m SELECT name
 FROM sqlite_master
 WHERE type = 'table' AND NOT name = 'sqlite_sequence'
[0m
  [4;35;1mSQL (0.0ms)[0m   [0mselect sqlite_version(*)[0m
  [4;36;1mSQL (109.0ms)[0m   [0;1mCREATE TABLE "schema_migrations" ("version" varchar(255) NOT NULL) [0m
  [4;35;1mSQL (110.0ms)[0m   [0mCREATE UNIQUE INDEX "unique_schema_migrations" ON "schema_migrations" ("version")[0m
  [4;36;1mSQL (0.0ms)[0m   [0;1m SELECT name
 FROM sqlite_master
 WHERE type = 'table' AND NOT name = 'sqlite_sequence'
[0m
  [4;35;1mSQL (0.0ms)[0m   [0mSELECT version FROM schema_migrations[0m
Migrating to CreateUsers (20090613041111)
  [4;36;1mSQL (15.0ms)[0m   [0;1mCREATE TABLE "users" ("id" INTEGER PRIMARY KEY AUTOINCREMENT NOT NULL, "name" varchar(255), "email" varchar(255), "address" text, "active" boolean, "created_at" datetime, "updated_at" datetime) [0m
  [4;35;1mSQL (0.0ms)[0m   [0mINSERT INTO schema_migrations (version) VALUES ('20090613041111')[0m
  [4;36;1mSQL (0.0ms)[0m   [0;1m SELECT name
 FROM sqlite_master
 WHERE type = 'table' AND NOT name = 'sqlite_sequence'
[0m
  [4;35;1mSQL (0.0ms)[0m   [0mSELECT version FROM schema_migrations[0m
  [4;36;1mSQL (15.0ms)[0m   [0;1m SELECT name
 FROM sqlite_master
 WHERE type = 'table' AND NOT name = 'sqlite_sequence'
[0m
  [4;35;1mSQL (0.0ms)[0m   [0mPRAGMA index_list("users")[0m


Processing UsersController#index (for 127.0.0.1 at 2009-06-12 21:14:35) [GET]
  [4;36;1mUser Load (31.0ms)[0m   [0;1mSELECT * FROM "users" [0m
Rendering template within layouts/users
Rendering users/index
Completed in 23594ms (View: 23188, DB: 31) | 200 OK [http://localhost/users]


Processing UsersController#index (for 127.0.0.1 at 2009-06-12 21:15:12) [GET]
  [4;35;1mUser Load (0.0ms)[0m   [0mSELECT * FROM "users" [0m
Rendering template within layouts/users
Rendering users/index
Completed in 985ms (View: 391, DB: 0) | 200 OK [http://localhost/users]


Processing UsersController#new (for 127.0.0.1 at 2009-06-12 21:15:22) [GET]
Rendering template within layouts/users
Rendering users/new
Completed in 984ms (View: 625, DB: 0) | 200 OK [http://localhost/users/new]


Processing UsersController#create (for 127.0.0.1 at 2009-06-12 21:17:04) [POST]
  Parameters: {"user"=>{"name"=>"Benjamin Parcher", "address"=>"123", "active"=>"1", "email"=>"bparcher@gmail.com"}, "commit"=>"Create", "authenticity_token"=>"HxL8+httHw6i7q7jJR5jPH5dcz9ChwMWpMxeGSfFqrw="}
  [4;36;1mUser Create (31.0ms)[0m   [0;1mINSERT INTO "users" ("name", "updated_at", "address", "email", "active", "created_at") VALUES('Benjamin Parcher', '2009-06-13 04:17:04', '123', 'bparcher@gmail.com', 't', '2009-06-13 04:17:04')[0m
Redirected to http://localhost:3000/users/1
Completed in 1812ms (DB: 31) | 302 Found [http://localhost/users]


Processing UsersController#show (for 127.0.0.1 at 2009-06-12 21:17:07) [GET]
  Parameters: {"id"=>"1"}
  [4;35;1mUser Load (0.0ms)[0m   [0mSELECT * FROM "users" WHERE ("users"."id" = 1) [0m
Rendering template within layouts/users
Rendering users/show
Completed in 2484ms (View: 1954, DB: 0) | 200 OK [http://localhost/users/1]
